<?xml version="1.0" encoding="UTF-8"?>
<testsuite name="se.nackademin.librarytest.SelenideTest" time="83.212" tests="2" errors="1" skipped="0" failures="1">
  <properties>
[...]
</properties>
  <testcase name="se.nackademin.librarytest.SelenideTest" classname="se.nackademin.librarytest.SelenideTest" time="41.605">
    <error message="Could not find option containing dummyAuthorFirstName dummyAuthorLastName&#10;For documentation on this error, please visit: http://seleniumhq.org/exceptions/no_such_element.html&#10;Build info: version: &apos;2.53.0&apos;, revision: &apos;35ae25b1534ae328c771e0856c93e187490ca824&apos;, time: &apos;2016-03-15 10:43:46&apos;&#10;System info: host: &apos;testautomatisering-VirtualBox&apos;, ip: &apos;127.0.1.1&apos;, os.name: &apos;Linux&apos;, os.arch: &apos;i386&apos;, os.version: &apos;4.4.0-78-generic&apos;, java.version: &apos;1.8.0_131&apos;&#10;Driver info: driver.version: unknown" type="org.openqa.selenium.NoSuchElementException">org.openqa.selenium.NoSuchElementException: Could not find option containing dummyAuthorFirstName dummyAuthorLastName
For documentation on this error, please visit: http://seleniumhq.org/exceptions/no_such_element.html
Build info: version: '2.53.0', revision: '35ae25b1534ae328c771e0856c93e187490ca824', time: '2016-03-15 10:43:46'
System info: host: 'testautomatisering-VirtualBox', ip: '127.0.1.1', os.name: 'Linux', os.arch: 'i386', os.version: '4.4.0-78-generic', java.version: '1.8.0_131'
Driver info: driver.version: unknown
	at se.nackademin.librarytest.helpers.AuthorToBookTable.SearchAndClick(AuthorToBookTable.java:27)
	at se.nackademin.librarytest.helpers.BookHelper.createNewBookWithAuthor(BookHelper.java:131)
	at se.nackademin.librarytest.helpers.PreparationHelper.MakeDummyUserAuthorBookAndAdmin(PreparationHelper.java:31)
	at se.nackademin.librarytest.SelenideTest.TestLibrarianCreatesAuthorAndBook(SelenideTest.java:34)
</error>
    <system-err><![CDATA[May 29, 2017 10:55:48 AM se.nackademin.librarytest.SelenideTest TestLibrarianCreatesAuthorAndBook
INFO: *** Starting Preparing library dummies needed for tests ***
Starting ChromeDriver 2.29.461599 (8cfe70b3bca63aec509c39bf48c384e7eba3372b) on port 29895
Only local connections are allowed.
May 29, 2017 10:55:50 AM com.codeborne.selenide.webdriver.WebDriverFactory createWebDriver
INFO: BrowserName=chrome Version=58.0.3029.110 Platform=LINUX
May 29, 2017 10:55:50 AM com.codeborne.selenide.webdriver.WebDriverFactory createWebDriver
INFO: Selenide v. 3.5.1
May 29, 2017 10:55:50 AM com.codeborne.selenide.webdriver.WebDriverFactory createWebDriver
INFO: Selenium WebDriver v. 2.53.0 build time: 2016-03-15 10:43:46
May 29, 2017 10:55:50 AM com.codeborne.selenide.impl.WebDriverThreadLocalContainer createDriver
INFO: Create webdriver in current thread 1: ChromeDriver -> ChromeDriver: chrome on LINUX (deb515d9e314d7aa3e663cb452f04eff)
May 29, 2017 10:55:50 AM se.nackademin.librarytest.pages.PageBase clickButton
INFO: Clicking the sign in link
May 29, 2017 10:55:52 AM se.nackademin.librarytest.pages.PageBase setTextFieldValue
INFO: Setting username to admin
May 29, 2017 10:55:52 AM se.nackademin.librarytest.pages.PageBase setTextFieldValue
INFO: Setting password to 1234567890
May 29, 2017 10:55:53 AM se.nackademin.librarytest.pages.PageBase clickButton
INFO: Clicking submit button
May 29, 2017 10:55:53 AM se.nackademin.librarytest.pages.MenuPage getSignInMessage
INFO: Getting the main page's response message from signing in
May 29, 2017 10:55:54 AM se.nackademin.librarytest.pages.PageBase clickButton
INFO: Clicking the add user link
May 29, 2017 10:55:55 AM se.nackademin.librarytest.pages.PageBase setTextFieldValue
INFO: Setting display name field to aDummyUserDisplayName
May 29, 2017 10:55:58 AM se.nackademin.librarytest.pages.PageBase setTextFieldValue
INFO: Setting password field to aDummyUserPassword
May 29, 2017 10:55:59 AM se.nackademin.librarytest.pages.PageBase setTextFieldValue
INFO: Setting first name field to aDummyUserFirstName
May 29, 2017 10:55:59 AM se.nackademin.librarytest.pages.PageBase setTextFieldValue
INFO: Setting last name field to aDummyUserLastName
May 29, 2017 10:55:59 AM se.nackademin.librarytest.pages.PageBase setTextFieldValue
INFO: Setting phone field to aDummyUserPhone
May 29, 2017 10:56:00 AM se.nackademin.librarytest.pages.PageBase setTextFieldValue
INFO: Setting email field to aDummyUserEmail
May 29, 2017 10:56:00 AM se.nackademin.librarytest.pages.PageBase clickButton
INFO: Clicking set role to librarian radiobutton
May 29, 2017 10:56:00 AM se.nackademin.librarytest.pages.PageBase clickButton
INFO: Clicking add user button
May 29, 2017 10:56:00 AM se.nackademin.librarytest.pages.PageBase clickButton
INFO: Clicking the add user link
May 29, 2017 10:56:01 AM se.nackademin.librarytest.pages.PageBase setTextFieldValue
INFO: Setting display name field to secondDummyUserDisplayName
May 29, 2017 10:56:05 AM se.nackademin.librarytest.pages.PageBase setTextFieldValue
INFO: Setting password field to secondDummyUserPassword
May 29, 2017 10:56:06 AM se.nackademin.librarytest.pages.PageBase setTextFieldValue
INFO: Setting first name field to secondDummyUserFirstName
May 29, 2017 10:56:06 AM se.nackademin.librarytest.pages.PageBase setTextFieldValue
INFO: Setting last name field to secondDummyUserLastName
May 29, 2017 10:56:07 AM se.nackademin.librarytest.pages.PageBase setTextFieldValue
INFO: Setting phone field to secondDummyUserPhone
May 29, 2017 10:56:07 AM se.nackademin.librarytest.pages.PageBase setTextFieldValue
INFO: Setting email field to secondDummyUserEmail
May 29, 2017 10:56:07 AM se.nackademin.librarytest.pages.PageBase clickButton
INFO: Clicking set role to loaner radiobutton
May 29, 2017 10:56:07 AM se.nackademin.librarytest.pages.PageBase clickButton
INFO: Clicking add user button
May 29, 2017 10:56:07 AM se.nackademin.librarytest.pages.PageBase clickButton
INFO: Clicking the add author link
May 29, 2017 10:56:09 AM se.nackademin.librarytest.pages.PageBase setTextFieldValue
INFO: Setting author's first name field to dummyAuthorFirstName
May 29, 2017 10:56:09 AM se.nackademin.librarytest.pages.PageBase setTextFieldValue
INFO: Setting author's last name field to dummyAuthorLastName
May 29, 2017 10:56:10 AM se.nackademin.librarytest.pages.PageBase setTextFieldValue
INFO: Setting author's home country to dummyAuthorCountry
May 29, 2017 10:56:10 AM se.nackademin.librarytest.pages.PageBase setTextFieldValue
INFO: Setting author's biography to dummyAuthorBio
May 29, 2017 10:56:13 AM se.nackademin.librarytest.pages.PageBase clickButton
INFO: Clicking add author button
May 29, 2017 10:56:13 AM se.nackademin.librarytest.pages.PageBase clickButton
INFO: Clicking the add author link
May 29, 2017 10:56:14 AM se.nackademin.librarytest.pages.PageBase setTextFieldValue
INFO: Setting the book's title to dummyTestTitle
May 29, 2017 10:56:18 AM se.nackademin.librarytest.SelenideTest RemoveDummyAuthorBookAndAdmin
INFO: *** Starting to remove library dummies no longer needed ***
May 29, 2017 10:56:18 AM se.nackademin.librarytest.pages.PageBase clickButton
INFO: Clicking the sign in link
May 29, 2017 10:56:21 AM se.nackademin.librarytest.pages.PageBase setTextFieldValue
INFO: Setting username to aDummyUserDisplayName
May 29, 2017 10:56:22 AM se.nackademin.librarytest.pages.PageBase setTextFieldValue
INFO: Setting password to aDummyUserPassword
May 29, 2017 10:56:23 AM se.nackademin.librarytest.pages.PageBase clickButton
INFO: Clicking submit button
May 29, 2017 10:56:24 AM se.nackademin.librarytest.pages.MenuPage getSignInMessage
INFO: Getting the main page's response message from signing in
May 29, 2017 10:56:24 AM se.nackademin.librarytest.pages.PageBase clickButton
INFO: Clicking the browse books link
May 29, 2017 10:56:25 AM se.nackademin.librarytest.pages.PageBase setTextFieldValue
INFO: Setting title field to dummyTestTitle
]]></system-err>
  </testcase>
  <testcase name="se.nackademin.librarytest.SelenideTest" classname="se.nackademin.librarytest.SelenideTest" time="41.607">
    <failure message="Element not found {#gwt-uid-3}&#10;Expected: exist" type="com.codeborne.selenide.ex.ElementNotFound">com.codeborne.selenide.ex.ElementNotFound: Element not found {#gwt-uid-3}
Expected: exist
	at sun.reflect.GeneratedConstructorAccessor11.newInstance(Unknown Source)
	at sun.reflect.DelegatingConstructorAccessorImpl.newInstance(DelegatingConstructorAccessorImpl.java:45)
	at java.lang.reflect.Constructor.newInstance(Constructor.java:423)
	at org.openqa.selenium.remote.ErrorHandler.createThrowable(ErrorHandler.java:206)
	at org.openqa.selenium.remote.ErrorHandler.throwIfResponseFailed(ErrorHandler.java:158)
	at org.openqa.selenium.remote.RemoteWebDriver.execute(RemoteWebDriver.java:678)
	at org.openqa.selenium.remote.RemoteWebDriver.findElement(RemoteWebDriver.java:363)
	at org.openqa.selenium.remote.RemoteWebDriver.findElementByCssSelector(RemoteWebDriver.java:492)
	at org.openqa.selenium.By$ByCssSelector.findElement(By.java:430)
	at org.openqa.selenium.remote.RemoteWebDriver.findElement(RemoteWebDriver.java:355)
	at com.codeborne.selenide.impl.WebElementSelector.findElement(WebElementSelector.java:28)
	at com.codeborne.selenide.impl.ElementFinder.getWebElement(ElementFinder.java:56)
	at com.codeborne.selenide.impl.SelenideElementProxy.dispatchAndRetry(SelenideElementProxy.java:85)
	at com.codeborne.selenide.impl.SelenideElementProxy.invoke(SelenideElementProxy.java:58)
	at com.sun.proxy.$Proxy9.clear(Unknown Source)
	at se.nackademin.librarytest.pages.PageBase.setTextFieldValue(PageBase.java:32)
	at se.nackademin.librarytest.pages.BrowseBooksPage.setTitleField(BrowseBooksPage.java:30)
	at se.nackademin.librarytest.helpers.NavigationHelper.goToBook(NavigationHelper.java:24)
	at se.nackademin.librarytest.helpers.PreparationHelper.RemoveDummyAuthorBookAndAdmin(PreparationHelper.java:41)
	at se.nackademin.librarytest.SelenideTest.RemoveDummyAuthorBookAndAdmin(SelenideTest.java:57)
</failure>
  </testcase>
</testsuite>