<?xml version="1.0" encoding="UTF-8"?>
<testsuite name="se.nackademin.rest.test.UsersTest" time="0.464" tests="19" errors="0" skipped="0" failures="0">
  <properties>
[...]
</properties>
  <testcase name="testInvalidPutUserWithNoPassword" classname="se.nackademin.rest.test.UsersTest" time="0.054"/>
  <testcase name="testForbiddenPostToUserId" classname="se.nackademin.rest.test.UsersTest" time="0.016"/>
  <testcase name="testGetAllUsers" classname="se.nackademin.rest.test.UsersTest" time="0.02"/>
  <testcase name="testForbiddenPutToUserId" classname="se.nackademin.rest.test.UsersTest" time="0.006"/>
  <testcase name="testInvalidPutUserWithNoDisplayName" classname="se.nackademin.rest.test.UsersTest" time="0.011"/>
  <testcase name="testPutUser" classname="se.nackademin.rest.test.UsersTest" time="0.049"/>
  <testcase name="testFetchUser" classname="se.nackademin.rest.test.UsersTest" time="0.024"/>
  <testcase name="testGetUser" classname="se.nackademin.rest.test.UsersTest" time="0.012"/>
  <testcase name="testForbiddenDeleteUsers" classname="se.nackademin.rest.test.UsersTest" time="0.018"/>
  <testcase name="testInvalidPostUserwithoutDisplayName" classname="se.nackademin.rest.test.UsersTest" time="0.016"/>
  <testcase name="testInvalidPostUserWithExistingDisplayName" classname="se.nackademin.rest.test.UsersTest" time="0.019"/>
  <testcase name="testFetchAllUsers" classname="se.nackademin.rest.test.UsersTest" time="0.021"/>
  <testcase name="testInvalidPostUserWithoutPassword" classname="se.nackademin.rest.test.UsersTest" time="0.006"/>
  <testcase name="testDeleteUser" classname="se.nackademin.rest.test.UsersTest" time="0.053"/>
  <testcase name="testInvalidPutUserWithExistingUserDisplayName" classname="se.nackademin.rest.test.UsersTest" time="0.066"/>
  <testcase name="testInvalidPostUserWithExistingID" classname="se.nackademin.rest.test.UsersTest" time="0.007"/>
  <testcase name="testInvalidPutUserWithNoRole" classname="se.nackademin.rest.test.UsersTest" time="0.005"/>
  <testcase name="testPostUser" classname="se.nackademin.rest.test.UsersTest" time="0.054"/>
  <testcase name="testInvalidPostUserWithoutRole" classname="se.nackademin.rest.test.UsersTest" time="0.007"/>
</testsuite>